# JRE version: OpenJDK Runtime Environment (8.0_222-b05) (build 1.8.0_222-b05)
# Java VM: OpenJDK 64-Bit Server VM (25.222-b05 mixed mode linux-amd64 compressed oops)
Heap:
 PSYoungGen      total 633344K, used 0K [0x0000000782980000, 0x00000007b2700000, 0x00000007c0000000)
  eden space 527360K, 0% used [0x0000000782980000,0x0000000782980000,0x00000007a2c80000)
  from space 105984K, 0% used [0x00000007a9280000,0x00000007a9280000,0x00000007afa00000)
  to   space 104448K, 0% used [0x00000007a2c80000,0x00000007a2c80000,0x00000007a9280000)
 ParOldGen       total 614912K, used 355988K [0x0000000707c00000, 0x000000072d480000, 0x0000000782980000)
  object space 614912K, 57% used [0x0000000707c00000,0x000000071d7a51d8,0x000000072d480000)
 Metaspace       used 50760K, capacity 53744K, committed 53928K, reserved 1095680K
  class space    used 6718K, capacity 7257K, committed 7336K, reserved 1048576K
GC Heap History (10 events):
Event: 138.707 GC heap after
Heap after GC invocations=14 (full 4):
 PSYoungGen      total 499712K, used 0K [0x0000000782980000, 0x00000007a8900000, 0x00000007c0000000)
  eden space 402944K, 0% used [0x0000000782980000,0x0000000782980000,0x000000079b300000)
  from space 96768K, 0% used [0x00000007a1a80000,0x00000007a1a80000,0x00000007a7900000)
  to   space 105984K, 0% used [0x000000079b300000,0x000000079b300000,0x00000007a1a80000)
 ParOldGen       total 477184K, used 154606K [0x0000000707c00000, 0x0000000724e00000, 0x0000000782980000)
  object space 477184K, 32% used [0x0000000707c00000,0x00000007112fb868,0x0000000724e00000)
 Metaspace       used 50702K, capacity 53674K, committed 53928K, reserved 1095680K
  class space    used 6695K, capacity 7254K, committed 7336K, reserved 1048576K
}
Event: 140.673 GC heap before
{Heap before GC invocations=15 (full 5):
 PSYoungGen      total 499712K, used 402369K [0x0000000782980000, 0x00000007a8900000, 0x00000007c0000000)
  eden space 402944K, 99% used [0x0000000782980000,0x000000079b2704b8,0x000000079b300000)
  from space 96768K, 0% used [0x00000007a1a80000,0x00000007a1a80000,0x00000007a7900000)
  to   space 105984K, 0% used [0x000000079b300000,0x000000079b300000,0x00000007a1a80000)
 ParOldGen       total 477184K, used 374460K [0x0000000707c00000, 0x0000000724e00000, 0x0000000782980000)
  object space 477184K, 78% used [0x0000000707c00000,0x000000071e9af178,0x0000000724e00000)
 Metaspace       used 50725K, capacity 53680K, committed 53928K, reserved 1095680K
  class space    used 6703K, capacity 7257K, committed 7336K, reserved 1048576K
Event: 140.768 GC heap after
Heap after GC invocations=15 (full 5):
 PSYoungGen      total 499712K, used 0K [0x0000000782980000, 0x00000007a8900000, 0x00000007c0000000)
  eden space 402944K, 0% used [0x0000000782980000,0x0000000782980000,0x000000079b300000)
  from space 96768K, 0% used [0x00000007a1a80000,0x00000007a1a80000,0x00000007a7900000)
  to   space 105984K, 0% used [0x000000079b300000,0x000000079b300000,0x00000007a1a80000)
 ParOldGen       total 661504K, used 296560K [0x0000000707c00000, 0x0000000730200000, 0x0000000782980000)
  object space 661504K, 44% used [0x0000000707c00000,0x0000000719d9c290,0x0000000730200000)
 Metaspace       used 50725K, capacity 53680K, committed 53928K, reserved 1095680K
  class space    used 6703K, capacity 7257K, committed 7336K, reserved 1048576K
}
Event: 141.784 GC heap before
{Heap before GC invocations=16 (full 5):
 PSYoungGen      total 499712K, used 337651K [0x0000000782980000, 0x00000007a8900000, 0x00000007c0000000)
  eden space 402944K, 83% used [0x0000000782980000,0x000000079733cc40,0x000000079b300000)
  from space 96768K, 0% used [0x00000007a1a80000,0x00000007a1a80000,0x00000007a7900000)
  to   space 105984K, 0% used [0x000000079b300000,0x000000079b300000,0x00000007a1a80000)
 ParOldGen       total 661504K, used 516415K [0x0000000707c00000, 0x0000000730200000, 0x0000000782980000)
  object space 661504K, 78% used [0x0000000707c00000,0x000000072744fc58,0x0000000730200000)
 Metaspace       used 50760K, capacity 53744K, committed 53928K, reserved 1095680K
  class space    used 6718K, capacity 7257K, committed 7336K, reserved 1048576K
Event: 141.959 GC heap after
Heap after GC invocations=16 (full 5):
 PSYoungGen      total 508928K, used 160K [0x0000000782980000, 0x00000007afa00000, 0x00000007c0000000)
  eden space 402944K, 0% used [0x0000000782980000,0x0000000782980000,0x000000079b300000)
  from space 105984K, 0% used [0x000000079b300000,0x000000079b328000,0x00000007a1a80000)
  to   space 105984K, 0% used [0x00000007a9280000,0x00000007a9280000,0x00000007afa00000)
 ParOldGen       total 771584K, used 736269K [0x0000000707c00000, 0x0000000736d80000, 0x0000000782980000)
  object space 771584K, 95% used [0x0000000707c00000,0x0000000734b03708,0x0000000736d80000)
 Metaspace       used 50760K, capacity 53744K, committed 53928K, reserved 1095680K
  class space    used 6718K, capacity 7257K, committed 7336K, reserved 1048576K
}
Event: 141.959 GC heap before
{Heap before GC invocations=17 (full 6):
 PSYoungGen      total 508928K, used 160K [0x0000000782980000, 0x00000007afa00000, 0x00000007c0000000)
  eden space 402944K, 0% used [0x0000000782980000,0x0000000782980000,0x000000079b300000)
  from space 105984K, 0% used [0x000000079b300000,0x000000079b328000,0x00000007a1a80000)
  to   space 105984K, 0% used [0x00000007a9280000,0x00000007a9280000,0x00000007afa00000)
 ParOldGen       total 771584K, used 736269K [0x0000000707c00000, 0x0000000736d80000, 0x0000000782980000)
  object space 771584K, 95% used [0x0000000707c00000,0x0000000734b03708,0x0000000736d80000)
 Metaspace       used 50760K, capacity 53744K, committed 53928K, reserved 1095680K
  class space    used 6718K, capacity 7257K, committed 7336K, reserved 1048576K
Event: 142.043 GC heap after
Heap after GC invocations=17 (full 6):
 PSYoungGen      total 508928K, used 0K [0x0000000782980000, 0x00000007afa00000, 0x00000007c0000000)
  eden space 402944K, 0% used [0x0000000782980000,0x0000000782980000,0x000000079b300000)
  from space 105984K, 0% used [0x000000079b300000,0x000000079b300000,0x00000007a1a80000)
  to   space 105984K, 0% used [0x00000007a9280000,0x00000007a9280000,0x00000007afa00000)
 ParOldGen       total 614912K, used 136133K [0x0000000707c00000, 0x000000072d480000, 0x0000000782980000)
  object space 614912K, 22% used [0x0000000707c00000,0x00000007100f15e8,0x000000072d480000)
 Metaspace       used 50760K, capacity 53744K, committed 53928K, reserved 1095680K
  class space    used 6718K, capacity 7257K, committed 7336K, reserved 1048576K
}
Event: 142.097 GC heap before
{Heap before GC invocations=18 (full 6):
 PSYoungGen      total 508928K, used 337523K [0x0000000782980000, 0x00000007afa00000, 0x00000007c0000000)
  eden space 402944K, 83% used [0x0000000782980000,0x000000079731ced8,0x000000079b300000)
  from space 105984K, 0% used [0x000000079b300000,0x000000079b300000,0x00000007a1a80000)
  to   space 105984K, 0% used [0x00000007a9280000,0x00000007a9280000,0x00000007afa00000)
 ParOldGen       total 614912K, used 136133K [0x0000000707c00000, 0x000000072d480000, 0x0000000782980000)
  object space 614912K, 22% used [0x0000000707c00000,0x00000007100f15e8,0x000000072d480000)
 Metaspace       used 50760K, capacity 53744K, committed 53928K, reserved 1095680K
  class space    used 6718K, capacity 7257K, committed 7336K, reserved 1048576K
Event: 142.146 GC heap after
Heap after GC invocations=18 (full 6):
 PSYoungGen      total 633344K, used 32K [0x0000000782980000, 0x00000007b2700000, 0x00000007c0000000)
  eden space 527360K, 0% used [0x0000000782980000,0x0000000782980000,0x00000007a2c80000)
  from space 105984K, 0% used [0x00000007a9280000,0x00000007a9288000,0x00000007afa00000)
  to   space 104448K, 0% used [0x00000007a2c80000,0x00000007a2c80000,0x00000007a9280000)
 ParOldGen       total 614912K, used 575843K [0x0000000707c00000, 0x000000072d480000, 0x0000000782980000)
  object space 614912K, 93% used [0x0000000707c00000,0x000000072ae58d98,0x000000072d480000)
 Metaspace       used 50760K, capacity 53744K, committed 53928K, reserved 1095680K
  class space    used 6718K, capacity 7257K, committed 7336K, reserved 1048576K
}
Event: 142.146 GC heap before
{Heap before GC invocations=19 (full 7):
 PSYoungGen      total 633344K, used 32K [0x0000000782980000, 0x00000007b2700000, 0x00000007c0000000)
  eden space 527360K, 0% used [0x0000000782980000,0x0000000782980000,0x00000007a2c80000)
  from space 105984K, 0% used [0x00000007a9280000,0x00000007a9288000,0x00000007afa00000)
  to   space 104448K, 0% used [0x00000007a2c80000,0x00000007a2c80000,0x00000007a9280000)
 ParOldGen       total 614912K, used 575843K [0x0000000707c00000, 0x000000072d480000, 0x0000000782980000)
  object space 614912K, 93% used [0x0000000707c00000,0x000000072ae58d98,0x000000072d480000)
 Metaspace       used 50760K, capacity 53744K, committed 53928K, reserved 1095680K
  class space    used 6718K, capacity 7257K, committed 7336K, reserved 1048576K

