<?xml version="1.0" encoding="UTF-8"?>
<testsuite xmlns:xsi="http://www.w3.org/2001/XMLSchema-instance" xsi:noNamespaceSchemaLocation="https://maven.apache.org/surefire/maven-surefire-plugin/xsd/surefire-test-report.xsd" name="com.web.blog.repository.JokesRepositoryIntegrationTest" time="25.446" tests="2" errors="0" skipped="0" failures="1">
  <properties>
[...]
</properties>
  <testcase name="whenSavingAndDeletingJoke_thenNotAvailableOnRetrieval" classname="com.web.blog.repository.JokesRepositoryIntegrationTest" time="7.841"/>
  <testcase name="whenUpdatingAndAfterDeleteJoke_thenAvailableOnRetrieval" classname="com.web.blog.repository.JokesRepositoryIntegrationTest" time="8.381">
    <failure message="Values should be different. Actual: 8ac8cd40-a801-11e9-9d44-6dcd06f4e71a" type="java.lang.AssertionError">java.lang.AssertionError: Values should be different. Actual: 8ac8cd40-a801-11e9-9d44-6dcd06f4e71a
	at com.web.blog.repository.JokesRepositoryIntegrationTest.whenUpdatingAndAfterDeleteJoke_thenAvailableOnRetrieval(JokesRepositoryIntegrationTest.java:114)
</failure>
  </testcase>
</testsuite>